<?xml version="1.0" encoding="utf-8"?><testsuites name="pytest tests"><testsuite name="pytest" errors="0" failures="0" skipped="0" tests="27" time="0.296" timestamp="2025-07-09T12:09:54.917949+08:00" hostname="James-MacBook-Air.local"><testcase classname="tests.test_models.TestUserModel" name="test_user_creation" time="0.045" /><testcase classname="tests.test_models.TestUserModel" name="test_user_unique_constraints" time="0.008" /><testcase classname="tests.test_models.TestUserModel" name="test_user_repr" time="0.007" /><testcase classname="tests.test_models.TestProductModel" name="test_product_creation" time="0.007" /><testcase classname="tests.test_models.TestProductModel" name="test_product_slug_unique" time="0.007" /><testcase classname="tests.test_models.TestProductModel" name="test_product_price_validation" time="0.006" /><testcase classname="tests.test_models.TestPostModel" name="test_post_creation" time="0.007" /><testcase classname="tests.test_models.TestPostModel" name="test_post_slug_unique" time="0.007" /><testcase classname="tests.test_models.TestOrderModel" name="test_order_creation" time="0.009" /><testcase classname="tests.test_models.TestOrderModel" name="test_order_status_values" time="0.012" /><testcase classname="tests.test_models.TestCouponModel" name="test_coupon_creation" time="0.008" /><testcase classname="tests.test_models.TestCouponModel" name="test_coupon_code_unique" time="0.007" /><testcase classname="tests.test_models.TestCouponModel" name="test_coupon_discount_types" time="0.009" /><testcase classname="tests.test_models.TestMarketingCampaignModel" name="test_campaign_creation" time="0.007" /><testcase classname="tests.test_models.TestMarketingCampaignModel" name="test_campaign_status_enum" time="0.010" /><testcase classname="tests.test_models.TestMarketingCampaignModel" name="test_campaign_properties" time="0.007" /><testcase classname="tests.test_models.TestSystemSettingsModel" name="test_settings_creation" time="0.007" /><testcase classname="tests.test_models.TestSystemSettingsModel" name="test_settings_key_unique" time="0.006" /><testcase classname="tests.test_models.TestSystemSettingsModel" name="test_settings_parse_value" time="0.007" /><testcase classname="tests.test_models.TestSystemSettingsModel" name="test_settings_to_dict" time="0.006" /><testcase classname="tests.test_models.TestPageViewModel" name="test_page_view_creation" time="0.007" /><testcase classname="tests.test_models.TestDailyStatsModel" name="test_daily_stats_creation" time="0.008" /><testcase classname="tests.test_models.TestNewsletterModel" name="test_newsletter_creation" time="0.007" /><testcase classname="tests.test_models.TestNewsletterModel" name="test_newsletter_email_unique" time="0.007" /><testcase classname="tests.test_models.TestViewLogModel" name="test_view_log_creation" time="0.009" /><testcase classname="tests.test_models.TestFavoriteModel" name="test_favorite_creation" time="0.010" /><testcase classname="tests.test_models.TestFavoriteModel" name="test_favorite_unique_constraint" time="0.008" /></testsuite></testsuites>